{"/Users/ktierney/Documents/Sites/dreamteam/make-good-time-api/app.js":{"path":"/Users/ktierney/Documents/Sites/dreamteam/make-good-time-api/app.js","s":{"1":1,"2":1,"3":1,"4":1,"5":1,"6":1,"7":1,"8":1,"9":1,"10":1,"11":1,"12":1,"13":1,"14":0,"15":1,"16":1,"17":1,"18":1,"19":1,"20":1,"21":1},"b":{"1":[1,1],"2":[0,1]},"f":{"1":1},"fnMap":{"1":{"name":"(anonymous_1)","line":30,"loc":{"start":{"line":30,"column":17},"end":{"line":30,"column":27}}}},"statementMap":{"1":{"start":{"line":1,"column":0},"end":{"line":1,"column":33}},"2":{"start":{"line":2,"column":0},"end":{"line":2,"column":20}},"3":{"start":{"line":3,"column":0},"end":{"line":3,"column":35}},"4":{"start":{"line":4,"column":0},"end":{"line":4,"column":30}},"5":{"start":{"line":6,"column":0},"end":{"line":6,"column":33}},"6":{"start":{"line":7,"column":0},"end":{"line":7,"column":35}},"7":{"start":{"line":8,"column":0},"end":{"line":8,"column":40}},"8":{"start":{"line":9,"column":0},"end":{"line":9,"column":27}},"9":{"start":{"line":11,"column":0},"end":{"line":11,"column":36}},"10":{"start":{"line":13,"column":0},"end":{"line":13,"column":40}},"11":{"start":{"line":15,"column":0},"end":{"line":15,"column":54}},"12":{"start":{"line":17,"column":0},"end":{"line":17,"column":30}},"13":{"start":{"line":19,"column":0},"end":{"line":21,"column":1}},"14":{"start":{"line":20,"column":2},"end":{"line":20,"column":36}},"15":{"start":{"line":23,"column":0},"end":{"line":23,"column":16}},"16":{"start":{"line":25,"column":0},"end":{"line":25,"column":27}},"17":{"start":{"line":26,"column":0},"end":{"line":26,"column":51}},"18":{"start":{"line":28,"column":0},"end":{"line":28,"column":24}},"19":{"start":{"line":30,"column":0},"end":{"line":32,"column":3}},"20":{"start":{"line":31,"column":2},"end":{"line":31,"column":54}},"21":{"start":{"line":34,"column":0},"end":{"line":34,"column":21}}},"branchMap":{"1":{"line":11,"type":"binary-expr","locations":[{"start":{"line":11,"column":11},"end":{"line":11,"column":27}},{"start":{"line":11,"column":31},"end":{"line":11,"column":35}}]},"2":{"line":19,"type":"if","locations":[{"start":{"line":19,"column":0},"end":{"line":19,"column":0}},{"start":{"line":19,"column":0},"end":{"line":19,"column":0}}]}}},"/Users/ktierney/Documents/Sites/dreamteam/make-good-time-api/config/routes.js":{"path":"/Users/ktierney/Documents/Sites/dreamteam/make-good-time-api/config/routes.js","s":{"1":1,"2":1,"3":1,"4":1,"5":1,"6":1,"7":0,"8":0,"9":0,"10":0,"11":0,"12":0,"13":0,"14":0,"15":1,"16":1,"17":1,"18":1,"19":1},"b":{"1":[0,0],"2":[0,0],"3":[0,0]},"f":{"1":0,"2":0},"fnMap":{"1":{"name":"secureRoute","line":11,"loc":{"start":{"line":11,"column":0},"end":{"line":11,"column":37}}},"2":{"name":"(anonymous_2)","line":16,"loc":{"start":{"line":16,"column":28},"end":{"line":16,"column":51}}}},"statementMap":{"1":{"start":{"line":2,"column":0},"end":{"line":2,"column":41}},"2":{"start":{"line":5,"column":0},"end":{"line":5,"column":64}},"3":{"start":{"line":6,"column":0},"end":{"line":6,"column":63}},"4":{"start":{"line":7,"column":0},"end":{"line":7,"column":47}},"5":{"start":{"line":8,"column":0},"end":{"line":8,"column":34}},"6":{"start":{"line":11,"column":0},"end":{"line":22,"column":1}},"7":{"start":{"line":12,"column":2},"end":{"line":12,"column":90}},"8":{"start":{"line":12,"column":33},"end":{"line":12,"column":90}},"9":{"start":{"line":14,"column":2},"end":{"line":14,"column":63}},"10":{"start":{"line":16,"column":2},"end":{"line":21,"column":5}},"11":{"start":{"line":17,"column":4},"end":{"line":17,"column":81}},"12":{"start":{"line":17,"column":24},"end":{"line":17,"column":81}},"13":{"start":{"line":19,"column":4},"end":{"line":19,"column":23}},"14":{"start":{"line":20,"column":4},"end":{"line":20,"column":11}},"15":{"start":{"line":25,"column":0},"end":{"line":27,"column":50}},"16":{"start":{"line":29,"column":0},"end":{"line":34,"column":52}},"17":{"start":{"line":36,"column":0},"end":{"line":36,"column":50}},"18":{"start":{"line":37,"column":0},"end":{"line":37,"column":44}},"19":{"start":{"line":40,"column":0},"end":{"line":40,"column":24}}},"branchMap":{"1":{"line":12,"type":"if","locations":[{"start":{"line":12,"column":2},"end":{"line":12,"column":2}},{"start":{"line":12,"column":2},"end":{"line":12,"column":2}}]},"2":{"line":17,"type":"if","locations":[{"start":{"line":17,"column":4},"end":{"line":17,"column":4}},{"start":{"line":17,"column":4},"end":{"line":17,"column":4}}]},"3":{"line":17,"type":"binary-expr","locations":[{"start":{"line":17,"column":7},"end":{"line":17,"column":10}},{"start":{"line":17,"column":14},"end":{"line":17,"column":22}}]}}},"/Users/ktierney/Documents/Sites/dreamteam/make-good-time-api/controllers/activities.js":{"path":"/Users/ktierney/Documents/Sites/dreamteam/make-good-time-api/controllers/activities.js","s":{"1":1,"2":1,"3":0,"4":0,"5":0,"6":0,"7":1,"8":0,"9":0,"10":0,"11":0,"12":1,"13":0,"14":0,"15":0,"16":0,"17":0,"18":0,"19":1,"20":0,"21":0,"22":0,"23":0,"24":1,"25":0,"26":0,"27":0,"28":0,"29":1},"b":{"1":[0,0],"2":[0,0],"3":[0,0],"4":[0,0],"5":[0,0],"6":[0,0]},"f":{"1":0,"2":0,"3":0,"4":0,"5":0,"6":0,"7":0,"8":0,"9":0,"10":0},"fnMap":{"1":{"name":"activitiesIndex","line":3,"loc":{"start":{"line":3,"column":0},"end":{"line":3,"column":35}}},"2":{"name":"(anonymous_2)","line":4,"loc":{"start":{"line":4,"column":16},"end":{"line":4,"column":42}}},"3":{"name":"activitiesCreate","line":10,"loc":{"start":{"line":10,"column":0},"end":{"line":10,"column":36}}},"4":{"name":"(anonymous_4)","line":11,"loc":{"start":{"line":11,"column":28},"end":{"line":11,"column":52}}},"5":{"name":"activitiesShow","line":17,"loc":{"start":{"line":17,"column":0},"end":{"line":17,"column":34}}},"6":{"name":"(anonymous_6)","line":18,"loc":{"start":{"line":18,"column":35},"end":{"line":18,"column":59}}},"7":{"name":"activitiesUpdate","line":25,"loc":{"start":{"line":25,"column":0},"end":{"line":25,"column":36}}},"8":{"name":"(anonymous_8)","line":26,"loc":{"start":{"line":26,"column":90},"end":{"line":26,"column":114}}},"9":{"name":"activitiesDelete","line":32,"loc":{"start":{"line":32,"column":0},"end":{"line":32,"column":36}}},"10":{"name":"(anonymous_10)","line":33,"loc":{"start":{"line":33,"column":44},"end":{"line":33,"column":58}}}},"statementMap":{"1":{"start":{"line":1,"column":0},"end":{"line":1,"column":45}},"2":{"start":{"line":3,"column":0},"end":{"line":8,"column":1}},"3":{"start":{"line":4,"column":2},"end":{"line":7,"column":5}},"4":{"start":{"line":5,"column":4},"end":{"line":5,"column":45}},"5":{"start":{"line":5,"column":12},"end":{"line":5,"column":45}},"6":{"start":{"line":6,"column":4},"end":{"line":6,"column":44}},"7":{"start":{"line":10,"column":0},"end":{"line":15,"column":1}},"8":{"start":{"line":11,"column":2},"end":{"line":14,"column":5}},"9":{"start":{"line":12,"column":4},"end":{"line":12,"column":45}},"10":{"start":{"line":12,"column":12},"end":{"line":12,"column":45}},"11":{"start":{"line":13,"column":4},"end":{"line":13,"column":42}},"12":{"start":{"line":17,"column":0},"end":{"line":23,"column":1}},"13":{"start":{"line":18,"column":2},"end":{"line":22,"column":5}},"14":{"start":{"line":19,"column":4},"end":{"line":19,"column":45}},"15":{"start":{"line":19,"column":12},"end":{"line":19,"column":45}},"16":{"start":{"line":20,"column":4},"end":{"line":20,"column":100}},"17":{"start":{"line":20,"column":18},"end":{"line":20,"column":100}},"18":{"start":{"line":21,"column":4},"end":{"line":21,"column":42}},"19":{"start":{"line":25,"column":0},"end":{"line":30,"column":1}},"20":{"start":{"line":26,"column":2},"end":{"line":29,"column":5}},"21":{"start":{"line":27,"column":4},"end":{"line":27,"column":45}},"22":{"start":{"line":27,"column":12},"end":{"line":27,"column":45}},"23":{"start":{"line":28,"column":4},"end":{"line":28,"column":42}},"24":{"start":{"line":32,"column":0},"end":{"line":37,"column":1}},"25":{"start":{"line":33,"column":2},"end":{"line":36,"column":5}},"26":{"start":{"line":34,"column":4},"end":{"line":34,"column":45}},"27":{"start":{"line":34,"column":12},"end":{"line":34,"column":45}},"28":{"start":{"line":35,"column":4},"end":{"line":35,"column":34}},"29":{"start":{"line":39,"column":0},"end":{"line":45,"column":1}}},"branchMap":{"1":{"line":5,"type":"if","locations":[{"start":{"line":5,"column":4},"end":{"line":5,"column":4}},{"start":{"line":5,"column":4},"end":{"line":5,"column":4}}]},"2":{"line":12,"type":"if","locations":[{"start":{"line":12,"column":4},"end":{"line":12,"column":4}},{"start":{"line":12,"column":4},"end":{"line":12,"column":4}}]},"3":{"line":19,"type":"if","locations":[{"start":{"line":19,"column":4},"end":{"line":19,"column":4}},{"start":{"line":19,"column":4},"end":{"line":19,"column":4}}]},"4":{"line":20,"type":"if","locations":[{"start":{"line":20,"column":4},"end":{"line":20,"column":4}},{"start":{"line":20,"column":4},"end":{"line":20,"column":4}}]},"5":{"line":27,"type":"if","locations":[{"start":{"line":27,"column":4},"end":{"line":27,"column":4}},{"start":{"line":27,"column":4},"end":{"line":27,"column":4}}]},"6":{"line":34,"type":"if","locations":[{"start":{"line":34,"column":4},"end":{"line":34,"column":4}},{"start":{"line":34,"column":4},"end":{"line":34,"column":4}}]}}},"/Users/ktierney/Documents/Sites/dreamteam/make-good-time-api/models/activity.js":{"path":"/Users/ktierney/Documents/Sites/dreamteam/make-good-time-api/models/activity.js","s":{"1":1,"2":1,"3":1},"b":{},"f":{},"fnMap":{},"statementMap":{"1":{"start":{"line":1,"column":0},"end":{"line":1,"column":35}},"2":{"start":{"line":3,"column":0},"end":{"line":14,"column":3}},"3":{"start":{"line":16,"column":0},"end":{"line":16,"column":60}}},"branchMap":{}},"/Users/ktierney/Documents/Sites/dreamteam/make-good-time-api/controllers/authentications.js":{"path":"/Users/ktierney/Documents/Sites/dreamteam/make-good-time-api/controllers/authentications.js","s":{"1":1,"2":1,"3":1,"4":1,"5":2,"6":2,"7":1,"8":1,"9":1,"10":1,"11":1,"12":2,"13":2,"14":0,"15":2,"16":1,"17":1,"18":1,"19":1,"20":1},"b":{"1":[1,1],"2":[0,2],"3":[1,1],"4":[2,2]},"f":{"1":2,"2":2,"3":2,"4":2},"fnMap":{"1":{"name":"register","line":5,"loc":{"start":{"line":5,"column":0},"end":{"line":5,"column":28}}},"2":{"name":"(anonymous_2)","line":6,"loc":{"start":{"line":6,"column":24},"end":{"line":6,"column":44}}},"3":{"name":"login","line":19,"loc":{"start":{"line":19,"column":0},"end":{"line":19,"column":25}}},"4":{"name":"(anonymous_4)","line":20,"loc":{"start":{"line":20,"column":41},"end":{"line":20,"column":61}}}},"statementMap":{"1":{"start":{"line":1,"column":0},"end":{"line":1,"column":37}},"2":{"start":{"line":2,"column":0},"end":{"line":2,"column":34}},"3":{"start":{"line":3,"column":0},"end":{"line":3,"column":47}},"4":{"start":{"line":5,"column":0},"end":{"line":17,"column":1}},"5":{"start":{"line":6,"column":2},"end":{"line":16,"column":5}},"6":{"start":{"line":7,"column":4},"end":{"line":7,"column":45}},"7":{"start":{"line":7,"column":12},"end":{"line":7,"column":45}},"8":{"start":{"line":9,"column":4},"end":{"line":9,"column":61}},"9":{"start":{"line":10,"column":4},"end":{"line":10,"column":67}},"10":{"start":{"line":12,"column":4},"end":{"line":15,"column":7}},"11":{"start":{"line":19,"column":0},"end":{"line":34,"column":1}},"12":{"start":{"line":20,"column":2},"end":{"line":33,"column":4}},"13":{"start":{"line":21,"column":4},"end":{"line":21,"column":36}},"14":{"start":{"line":21,"column":12},"end":{"line":21,"column":36}},"15":{"start":{"line":22,"column":4},"end":{"line":24,"column":5}},"16":{"start":{"line":23,"column":6},"end":{"line":23,"column":70}},"17":{"start":{"line":26,"column":4},"end":{"line":26,"column":61}},"18":{"start":{"line":27,"column":4},"end":{"line":27,"column":67}},"19":{"start":{"line":29,"column":4},"end":{"line":32,"column":7}},"20":{"start":{"line":36,"column":0},"end":{"line":39,"column":2}}},"branchMap":{"1":{"line":7,"type":"if","locations":[{"start":{"line":7,"column":4},"end":{"line":7,"column":4}},{"start":{"line":7,"column":4},"end":{"line":7,"column":4}}]},"2":{"line":21,"type":"if","locations":[{"start":{"line":21,"column":4},"end":{"line":21,"column":4}},{"start":{"line":21,"column":4},"end":{"line":21,"column":4}}]},"3":{"line":22,"type":"if","locations":[{"start":{"line":22,"column":4},"end":{"line":22,"column":4}},{"start":{"line":22,"column":4},"end":{"line":22,"column":4}}]},"4":{"line":22,"type":"binary-expr","locations":[{"start":{"line":22,"column":7},"end":{"line":22,"column":12}},{"start":{"line":22,"column":16},"end":{"line":22,"column":57}}]}}},"/Users/ktierney/Documents/Sites/dreamteam/make-good-time-api/models/user.js":{"path":"/Users/ktierney/Documents/Sites/dreamteam/make-good-time-api/models/user.js","s":{"1":1,"2":1,"3":1,"4":1,"5":1,"6":3,"7":3,"8":1,"9":0,"10":3,"11":1,"12":3,"13":3,"14":0,"15":3,"16":0,"17":1,"18":2,"19":1,"20":1},"b":{"1":[3,0],"2":[0,3],"3":[0,3]},"f":{"1":3,"2":0,"3":3,"4":3,"5":2},"fnMap":{"1":{"name":"(anonymous_1)","line":12,"loc":{"start":{"line":12,"column":7},"end":{"line":12,"column":26}}},"2":{"name":"(anonymous_2)","line":18,"loc":{"start":{"line":18,"column":7},"end":{"line":18,"column":18}}},"3":{"name":"(anonymous_3)","line":21,"loc":{"start":{"line":21,"column":7},"end":{"line":21,"column":38}}},"4":{"name":"(anonymous_4)","line":26,"loc":{"start":{"line":26,"column":12},"end":{"line":26,"column":35}}},"5":{"name":"(anonymous_5)","line":38,"loc":{"start":{"line":38,"column":38},"end":{"line":38,"column":57}}}},"statementMap":{"1":{"start":{"line":1,"column":0},"end":{"line":1,"column":35}},"2":{"start":{"line":2,"column":0},"end":{"line":2,"column":31}},"3":{"start":{"line":3,"column":0},"end":{"line":3,"column":70}},"4":{"start":{"line":5,"column":0},"end":{"line":9,"column":2}},"5":{"start":{"line":11,"column":0},"end":{"line":15,"column":5}},"6":{"start":{"line":13,"column":4},"end":{"line":13,"column":30}},"7":{"start":{"line":14,"column":4},"end":{"line":14,"column":79}},"8":{"start":{"line":17,"column":0},"end":{"line":23,"column":5}},"9":{"start":{"line":19,"column":4},"end":{"line":19,"column":38}},"10":{"start":{"line":22,"column":4},"end":{"line":22,"column":54}},"11":{"start":{"line":25,"column":0},"end":{"line":36,"column":5}},"12":{"start":{"line":27,"column":4},"end":{"line":35,"column":5}},"13":{"start":{"line":28,"column":6},"end":{"line":30,"column":7}},"14":{"start":{"line":29,"column":8},"end":{"line":29,"column":69}},"15":{"start":{"line":32,"column":6},"end":{"line":34,"column":7}},"16":{"start":{"line":33,"column":8},"end":{"line":33,"column":81}},"17":{"start":{"line":38,"column":0},"end":{"line":40,"column":1}},"18":{"start":{"line":39,"column":2},"end":{"line":39,"column":57}},"19":{"start":{"line":42,"column":0},"end":{"line":42,"column":35}},"20":{"start":{"line":43,"column":0},"end":{"line":43,"column":52}}},"branchMap":{"1":{"line":27,"type":"if","locations":[{"start":{"line":27,"column":4},"end":{"line":27,"column":4}},{"start":{"line":27,"column":4},"end":{"line":27,"column":4}}]},"2":{"line":28,"type":"if","locations":[{"start":{"line":28,"column":6},"end":{"line":28,"column":6}},{"start":{"line":28,"column":6},"end":{"line":28,"column":6}}]},"3":{"line":32,"type":"if","locations":[{"start":{"line":32,"column":6},"end":{"line":32,"column":6}},{"start":{"line":32,"column":6},"end":{"line":32,"column":6}}]}}},"/Users/ktierney/Documents/Sites/dreamteam/make-good-time-api/config/token.js":{"path":"/Users/ktierney/Documents/Sites/dreamteam/make-good-time-api/config/token.js","s":{"1":1},"b":{},"f":{},"fnMap":{},"statementMap":{"1":{"start":{"line":1,"column":0},"end":{"line":3,"column":1}}},"branchMap":{}},"/Users/ktierney/Documents/Sites/dreamteam/make-good-time-api/config/db.js":{"path":"/Users/ktierney/Documents/Sites/dreamteam/make-good-time-api/config/db.js","s":{"1":1,"2":1,"3":1},"b":{"1":[1,1]},"f":{"1":1},"fnMap":{"1":{"name":"(anonymous_1)","line":7,"loc":{"start":{"line":7,"column":17},"end":{"line":7,"column":31}}}},"statementMap":{"1":{"start":{"line":1,"column":0},"end":{"line":5,"column":1}},"2":{"start":{"line":7,"column":0},"end":{"line":9,"column":1}},"3":{"start":{"line":8,"column":2},"end":{"line":8,"column":21}}},"branchMap":{"1":{"line":4,"type":"binary-expr","locations":[{"start":{"line":4,"column":14},"end":{"line":4,"column":38}},{"start":{"line":4,"column":42},"end":{"line":4,"column":82}}]}}}}