TN:
SF:/Users/ktierney/Documents/Sites/dreamteam/make-good-time-api/app.js
FN:30,(anonymous_1)
FNF:1
FNH:1
FNDA:1,(anonymous_1)
DA:1,1
DA:2,1
DA:3,1
DA:4,1
DA:6,1
DA:7,1
DA:8,1
DA:9,1
DA:11,1
DA:13,1
DA:15,1
DA:17,1
DA:19,1
DA:20,0
DA:23,1
DA:25,1
DA:26,1
DA:28,1
DA:30,1
DA:31,1
DA:34,1
LF:21
LH:20
BRDA:11,1,0,1
BRDA:11,1,1,1
BRDA:19,2,0,0
BRDA:19,2,1,1
BRF:4
BRH:3
end_of_record
TN:
SF:/Users/ktierney/Documents/Sites/dreamteam/make-good-time-api/config/routes.js
FN:11,secureRoute
FN:16,(anonymous_2)
FNF:2
FNH:2
FNDA:3,secureRoute
FNDA:1,(anonymous_2)
DA:2,1
DA:5,1
DA:6,1
DA:7,1
DA:8,1
DA:11,1
DA:12,3
DA:14,1
DA:16,1
DA:17,1
DA:19,1
DA:20,1
DA:25,1
DA:29,1
DA:36,1
DA:37,1
DA:40,1
LF:17
LH:17
BRDA:12,1,0,2
BRDA:12,1,1,1
BRDA:17,2,0,0
BRDA:17,2,1,1
BRDA:17,3,0,1
BRDA:17,3,1,1
BRF:6
BRH:5
end_of_record
TN:
SF:/Users/ktierney/Documents/Sites/dreamteam/make-good-time-api/controllers/activities.js
FN:3,activitiesIndex
FN:4,(anonymous_2)
FN:10,activitiesCreate
FN:11,(anonymous_4)
FN:17,activitiesShow
FN:18,(anonymous_6)
FN:25,activitiesUpdate
FN:26,(anonymous_8)
FN:32,activitiesDelete
FN:33,(anonymous_10)
FNF:10
FNH:6
FNDA:3,activitiesIndex
FNDA:3,(anonymous_2)
FNDA:1,activitiesCreate
FNDA:1,(anonymous_4)
FNDA:1,activitiesShow
FNDA:1,(anonymous_6)
FNDA:0,activitiesUpdate
FNDA:0,(anonymous_8)
FNDA:0,activitiesDelete
FNDA:0,(anonymous_10)
DA:1,1
DA:3,1
DA:4,3
DA:5,3
DA:6,3
DA:10,1
DA:11,1
DA:12,1
DA:13,1
DA:17,1
DA:18,1
DA:19,1
DA:20,1
DA:21,1
DA:25,1
DA:26,0
DA:27,0
DA:28,0
DA:32,1
DA:33,0
DA:34,0
DA:35,0
DA:39,1
LF:23
LH:17
BRDA:5,1,0,0
BRDA:5,1,1,3
BRDA:12,2,0,0
BRDA:12,2,1,1
BRDA:19,3,0,0
BRDA:19,3,1,1
BRDA:20,4,0,0
BRDA:20,4,1,1
BRDA:27,5,0,0
BRDA:27,5,1,0
BRDA:34,6,0,0
BRDA:34,6,1,0
BRF:12
BRH:4
end_of_record
TN:
SF:/Users/ktierney/Documents/Sites/dreamteam/make-good-time-api/models/activity.js
FNF:0
FNH:0
DA:1,1
DA:3,1
DA:16,1
LF:3
LH:3
BRF:0
BRH:0
end_of_record
TN:
SF:/Users/ktierney/Documents/Sites/dreamteam/make-good-time-api/controllers/authentications.js
FN:5,register
FN:6,(anonymous_2)
FN:19,login
FN:20,(anonymous_4)
FNF:4
FNH:4
FNDA:2,register
FNDA:2,(anonymous_2)
FNDA:3,login
FNDA:3,(anonymous_4)
DA:1,1
DA:2,1
DA:3,1
DA:5,1
DA:6,2
DA:7,2
DA:9,1
DA:10,1
DA:12,1
DA:19,1
DA:20,3
DA:21,3
DA:22,3
DA:23,1
DA:26,2
DA:27,2
DA:29,2
DA:36,1
LF:18
LH:18
BRDA:7,1,0,1
BRDA:7,1,1,1
BRDA:21,2,0,0
BRDA:21,2,1,3
BRDA:22,3,0,1
BRDA:22,3,1,2
BRDA:22,4,0,3
BRDA:22,4,1,3
BRF:8
BRH:7
end_of_record
TN:
SF:/Users/ktierney/Documents/Sites/dreamteam/make-good-time-api/models/user.js
FN:12,(anonymous_1)
FN:18,(anonymous_2)
FN:21,(anonymous_3)
FN:26,(anonymous_4)
FN:38,(anonymous_5)
FNF:5
FNH:4
FNDA:4,(anonymous_1)
FNDA:0,(anonymous_2)
FNDA:4,(anonymous_3)
FNDA:4,(anonymous_4)
FNDA:3,(anonymous_5)
DA:1,1
DA:2,1
DA:3,1
DA:5,1
DA:11,1
DA:13,4
DA:14,4
DA:17,1
DA:19,0
DA:22,4
DA:25,1
DA:27,4
DA:28,4
DA:29,0
DA:32,4
DA:33,0
DA:38,1
DA:39,3
DA:42,1
DA:43,1
LF:20
LH:17
BRDA:27,1,0,4
BRDA:27,1,1,0
BRDA:28,2,0,0
BRDA:28,2,1,4
BRDA:32,3,0,0
BRDA:32,3,1,4
BRF:6
BRH:3
end_of_record
TN:
SF:/Users/ktierney/Documents/Sites/dreamteam/make-good-time-api/config/token.js
FNF:0
FNH:0
DA:1,1
LF:1
LH:1
BRF:0
BRH:0
end_of_record
TN:
SF:/Users/ktierney/Documents/Sites/dreamteam/make-good-time-api/config/db.js
FN:7,(anonymous_1)
FNF:1
FNH:1
FNDA:1,(anonymous_1)
DA:1,1
DA:7,1
DA:8,1
LF:3
LH:3
BRDA:4,1,0,1
BRDA:4,1,1,1
BRF:2
BRH:2
end_of_record
