TN:
SF:/Users/ktierney/Documents/Sites/dreamteam/make-good-time-api/app.js
FN:28,(anonymous_1)
FNF:1
FNH:1
FNDA:1,(anonymous_1)
DA:1,1
DA:2,1
DA:4,1
DA:5,1
DA:6,1
DA:7,1
DA:9,1
DA:11,1
DA:13,1
DA:15,1
DA:17,1
DA:18,0
DA:21,1
DA:23,1
DA:24,1
DA:26,1
DA:28,1
DA:29,1
DA:32,1
LF:19
LH:18
BRDA:9,1,0,1
BRDA:9,1,1,1
BRDA:17,2,0,0
BRDA:17,2,1,1
BRF:4
BRH:3
end_of_record
TN:
SF:/Users/ktierney/Documents/Sites/dreamteam/make-good-time-api/config/routes.js
FN:10,secureRoute
FN:15,(anonymous_2)
FNF:2
FNH:0
FNDA:0,secureRoute
FNDA:0,(anonymous_2)
DA:2,1
DA:5,1
DA:6,1
DA:7,1
DA:10,1
DA:11,0
DA:13,0
DA:15,0
DA:16,0
DA:18,0
DA:19,0
DA:23,1
DA:24,1
DA:27,1
LF:14
LH:8
BRDA:11,1,0,0
BRDA:11,1,1,0
BRDA:16,2,0,0
BRDA:16,2,1,0
BRDA:16,3,0,0
BRDA:16,3,1,0
BRF:6
BRH:0
end_of_record
TN:
SF:/Users/ktierney/Documents/Sites/dreamteam/make-good-time-api/controllers/authentications.js
FN:5,register
FN:6,(anonymous_2)
FN:19,login
FN:20,(anonymous_4)
FNF:4
FNH:4
FNDA:2,register
FNDA:2,(anonymous_2)
FNDA:2,login
FNDA:2,(anonymous_4)
DA:1,1
DA:2,1
DA:3,1
DA:5,1
DA:6,2
DA:7,2
DA:9,1
DA:10,1
DA:12,1
DA:19,1
DA:20,2
DA:21,2
DA:22,2
DA:23,1
DA:26,1
DA:27,1
DA:29,1
DA:36,1
LF:18
LH:18
BRDA:7,1,0,1
BRDA:7,1,1,1
BRDA:21,2,0,0
BRDA:21,2,1,2
BRDA:22,3,0,1
BRDA:22,3,1,1
BRDA:22,4,0,2
BRDA:22,4,1,2
BRF:8
BRH:7
end_of_record
TN:
SF:/Users/ktierney/Documents/Sites/dreamteam/make-good-time-api/models/user.js
FN:12,(anonymous_1)
FN:18,(anonymous_2)
FN:21,(anonymous_3)
FN:26,(anonymous_4)
FN:38,(anonymous_5)
FNF:5
FNH:4
FNDA:3,(anonymous_1)
FNDA:0,(anonymous_2)
FNDA:3,(anonymous_3)
FNDA:3,(anonymous_4)
FNDA:2,(anonymous_5)
DA:1,1
DA:2,1
DA:3,1
DA:5,1
DA:11,1
DA:13,3
DA:14,3
DA:17,1
DA:19,0
DA:22,3
DA:25,1
DA:27,3
DA:28,3
DA:29,0
DA:32,3
DA:33,0
DA:38,1
DA:39,2
DA:42,1
DA:43,1
LF:20
LH:17
BRDA:27,1,0,3
BRDA:27,1,1,0
BRDA:28,2,0,0
BRDA:28,2,1,3
BRDA:32,3,0,0
BRDA:32,3,1,3
BRF:6
BRH:3
end_of_record
TN:
SF:/Users/ktierney/Documents/Sites/dreamteam/make-good-time-api/config/token.js
FNF:0
FNH:0
DA:1,1
LF:1
LH:1
BRF:0
BRH:0
end_of_record
TN:
SF:/Users/ktierney/Documents/Sites/dreamteam/make-good-time-api/config/db.js
FN:7,(anonymous_1)
FNF:1
FNH:1
FNDA:1,(anonymous_1)
DA:1,1
DA:7,1
DA:8,1
LF:3
LH:3
BRDA:4,1,0,1
BRDA:4,1,1,1
BRF:2
BRH:2
end_of_record
